<?xml version="1.0" encoding="UTF-8"?>
<testsuite name="RegistrationTest" tests="1" skipped="0" failures="0" errors="0" timestamp="2023-06-23T18:44:15" hostname="DESKTOP-ARMCA8P" time="3.07">
  <properties/>
  <testcase name="registrationUnsuccessfulTest" classname="RegistrationTest" time="3.07"/>
  <system-out><![CDATA[Alert 'A user with this email already exists!' is present
]]></system-out>
  <system-err><![CDATA[]]></system-err>
</testsuite>
